[0821/163621.200:ERROR:child_thread_impl.cc(762)] Request for unknown Channel-associated interface: ui::mojom::GpuMain
[0821/163734.768:ERROR:child_thread_impl.cc(762)] Request for unknown Channel-associated interface: ui::mojom::GpuMain
[0821/163752.400:WARNING:spdy_session.cc(2276)] Received HEADERS for invalid stream 13
[0821/163752.403:WARNING:spdy_session.cc(2276)] Received HEADERS for invalid stream 15
[0821/163830.927:ERROR:child_thread_impl.cc(762)] Request for unknown Channel-associated interface: ui::mojom::GpuMain
[0821/163834.886:WARNING:quota_manager.cc(1833)] Create directory failed for path
[0821/163834.887:WARNING:quota_manager.cc(1833)] Create directory failed for path
[0821/164332.227:ERROR:child_thread_impl.cc(762)] Request for unknown Channel-associated interface: ui::mojom::GpuMain
[0821/164335.882:WARNING:quota_manager.cc(1833)] Create directory failed for path
[0821/164335.897:WARNING:quota_manager.cc(1833)] Create directory failed for path
[0821/175310.966:ERROR:child_thread_impl.cc(762)] Request for unknown Channel-associated interface: ui::mojom::GpuMain
[0821/175446.661:ERROR:child_thread_impl.cc(762)] Request for unknown Channel-associated interface: ui::mojom::GpuMain
[0821/175501.677:ERROR:child_thread_impl.cc(762)] Request for unknown Channel-associated interface: ui::mojom::GpuMain
[0821/175543.153:ERROR:child_thread_impl.cc(762)] Request for unknown Channel-associated interface: ui::mojom::GpuMain
[0821/175839.057:ERROR:child_thread_impl.cc(762)] Request for unknown Channel-associated interface: ui::mojom::GpuMain
[0821/180406.556:ERROR:child_thread_impl.cc(762)] Request for unknown Channel-associated interface: ui::mojom::GpuMain
[0821/180612.527:ERROR:child_thread_impl.cc(762)] Request for unknown Channel-associated interface: ui::mojom::GpuMain
[0821/180742.797:ERROR:child_thread_impl.cc(762)] Request for unknown Channel-associated interface: ui::mojom::GpuMain
[0821/180802.685:ERROR:child_thread_impl.cc(762)] Request for unknown Channel-associated interface: ui::mojom::GpuMain
[0821/180945.130:ERROR:child_thread_impl.cc(762)] Request for unknown Channel-associated interface: ui::mojom::GpuMain
[0821/181135.646:ERROR:child_thread_impl.cc(762)] Request for unknown Channel-associated interface: ui::mojom::GpuMain
[0821/181202.119:ERROR:child_thread_impl.cc(762)] Request for unknown Channel-associated interface: ui::mojom::GpuMain
[0821/190342.820:ERROR:child_thread_impl.cc(762)] Request for unknown Channel-associated interface: ui::mojom::GpuMain
[0821/212905.013:ERROR:child_thread_impl.cc(762)] Request for unknown Channel-associated interface: ui::mojom::GpuMain
[0821/222645.423:ERROR:child_thread_impl.cc(762)] Request for unknown Channel-associated interface: ui::mojom::GpuMain
[0821/222648.986:WARNING:quota_manager.cc(1833)] Create directory failed for path
[0821/222648.986:WARNING:quota_manager.cc(1833)] Create directory failed for path
[0821/222859.764:ERROR:child_thread_impl.cc(762)] Request for unknown Channel-associated interface: ui::mojom::GpuMain
[0821/222905.285:WARNING:quota_manager.cc(1833)] Create directory failed for path
[0821/222905.286:WARNING:quota_manager.cc(1833)] Create directory failed for path
[0821/223134.729:ERROR:child_thread_impl.cc(762)] Request for unknown Channel-associated interface: ui::mojom::GpuMain
[0821/223140.101:WARNING:quota_manager.cc(1833)] Create directory failed for path
[0821/223140.102:WARNING:quota_manager.cc(1833)] Create directory failed for path
[0821/223335.785:ERROR:child_thread_impl.cc(762)] Request for unknown Channel-associated interface: ui::mojom::GpuMain
[0822/001931.138:ERROR:child_thread_impl.cc(762)] Request for unknown Channel-associated interface: ui::mojom::GpuMain
[0822/001937.137:WARNING:quota_manager.cc(1833)] Create directory failed for path
[0822/001937.139:WARNING:quota_manager.cc(1833)] Create directory failed for path
[0822/002520.833:ERROR:child_thread_impl.cc(762)] Request for unknown Channel-associated interface: ui::mojom::GpuMain
[0822/002526.632:WARNING:quota_manager.cc(1833)] Create directory failed for path
[0822/002526.633:WARNING:quota_manager.cc(1833)] Create directory failed for path
[0822/003147.108:ERROR:child_thread_impl.cc(762)] Request for unknown Channel-associated interface: ui::mojom::GpuMain
[0822/004748.134:ERROR:child_thread_impl.cc(762)] Request for unknown Channel-associated interface: ui::mojom::GpuMain
[0822/005657.526:ERROR:child_thread_impl.cc(762)] Request for unknown Channel-associated interface: ui::mojom::GpuMain
[0822/005701.286:WARNING:quota_manager.cc(1833)] Create directory failed for path
[0822/005701.286:WARNING:quota_manager.cc(1833)] Create directory failed for path
[0822/005715.224:ERROR:child_thread_impl.cc(762)] Request for unknown Channel-associated interface: ui::mojom::GpuMain
[0822/005718.593:WARNING:quota_manager.cc(1833)] Create directory failed for path
[0822/005718.594:WARNING:quota_manager.cc(1833)] Create directory failed for path
[0822/153622.797:ERROR:child_thread_impl.cc(762)] Request for unknown Channel-associated interface: ui::mojom::GpuMain
[0822/153702.821:WARNING:spdy_session.cc(2276)] Received HEADERS for invalid stream 37
[0822/153703.055:WARNING:spdy_session.cc(2276)] Received HEADERS for invalid stream 41
[0822/153749.966:WARNING:quota_manager.cc(1833)] Create directory failed for path
[0822/153749.966:WARNING:quota_manager.cc(1833)] Create directory failed for path
[0822/153753.849:WARNING:quota_manager.cc(1833)] Create directory failed for path
[0822/153753.849:WARNING:quota_manager.cc(1833)] Create directory failed for path
[0822/153753.849:WARNING:quota_manager.cc(1833)] Create directory failed for path
[0822/153753.850:WARNING:quota_manager.cc(1833)] Create directory failed for path
[0822/153753.850:WARNING:quota_manager.cc(1833)] Create directory failed for path
[0822/153753.850:WARNING:quota_manager.cc(1833)] Create directory failed for path
[0822/153753.850:WARNING:quota_manager.cc(1833)] Create directory failed for path
[0822/153753.850:WARNING:quota_manager.cc(1833)] Create directory failed for path
[0822/153753.850:WARNING:quota_manager.cc(1833)] Create directory failed for path
[0822/153753.851:WARNING:quota_manager.cc(1833)] Create directory failed for path
[0822/153753.851:WARNING:quota_manager.cc(1833)] Create directory failed for path
[0822/153753.851:WARNING:quota_manager.cc(1833)] Create directory failed for path
[0822/153753.851:WARNING:quota_manager.cc(1833)] Create directory failed for path
[0822/153753.851:WARNING:quota_manager.cc(1833)] Create directory failed for path
[0822/153753.851:WARNING:quota_manager.cc(1833)] Create directory failed for path
[0822/153753.851:WARNING:quota_manager.cc(1833)] Create directory failed for path
[0822/153753.852:WARNING:quota_manager.cc(1833)] Create directory failed for path
[0822/153753.852:WARNING:quota_manager.cc(1833)] Create directory failed for path
[0822/153753.852:WARNING:quota_manager.cc(1833)] Create directory failed for path
[0822/153753.852:WARNING:quota_manager.cc(1833)] Create directory failed for path
[0822/153753.852:WARNING:quota_manager.cc(1833)] Create directory failed for path
[0822/153753.852:WARNING:quota_manager.cc(1833)] Create directory failed for path
[0822/153753.853:WARNING:quota_manager.cc(1833)] Create directory failed for path
[0822/153753.853:WARNING:quota_manager.cc(1833)] Create directory failed for path
[0822/153753.854:WARNING:quota_manager.cc(1833)] Create directory failed for path
[0822/153753.854:WARNING:quota_manager.cc(1833)] Create directory failed for path
[0822/153753.854:WARNING:quota_manager.cc(1833)] Create directory failed for path
[0822/153753.854:WARNING:quota_manager.cc(1833)] Create directory failed for path
[0822/153753.855:WARNING:quota_manager.cc(1833)] Create directory failed for path
[0822/153753.855:WARNING:quota_manager.cc(1833)] Create directory failed for path
[0822/153753.855:WARNING:quota_manager.cc(1833)] Create directory failed for path
[0822/153753.856:WARNING:quota_manager.cc(1833)] Create directory failed for path
[0822/153753.856:WARNING:quota_manager.cc(1833)] Create directory failed for path
[0822/153753.856:WARNING:quota_manager.cc(1833)] Create directory failed for path
[0822/153753.856:WARNING:quota_manager.cc(1833)] Create directory failed for path
[0822/153753.856:WARNING:quota_manager.cc(1833)] Create directory failed for path
[0822/153753.857:WARNING:quota_manager.cc(1833)] Create directory failed for path
[0822/153753.857:WARNING:quota_manager.cc(1833)] Create directory failed for path
[0822/153753.857:WARNING:quota_manager.cc(1833)] Create directory failed for path
[0822/153753.857:WARNING:quota_manager.cc(1833)] Create directory failed for path
[0822/153753.857:WARNING:quota_manager.cc(1833)] Create directory failed for path
[0822/153753.858:WARNING:quota_manager.cc(1833)] Create directory failed for path
[0822/153753.858:WARNING:quota_manager.cc(1833)] Create directory failed for path
[0822/153753.858:WARNING:quota_manager.cc(1833)] Create directory failed for path
[0822/153753.858:WARNING:quota_manager.cc(1833)] Create directory failed for path
[0822/153753.858:WARNING:quota_manager.cc(1833)] Create directory failed for path
[0822/153753.859:WARNING:quota_manager.cc(1833)] Create directory failed for path
[0822/153753.859:WARNING:quota_manager.cc(1833)] Create directory failed for path
[0822/153753.859:WARNING:quota_manager.cc(1833)] Create directory failed for path
[0822/153753.859:WARNING:quota_manager.cc(1833)] Create directory failed for path
[0822/153753.859:WARNING:quota_manager.cc(1833)] Create directory failed for path
[0822/153753.860:WARNING:quota_manager.cc(1833)] Create directory failed for path
[0822/153753.860:WARNING:quota_manager.cc(1833)] Create directory failed for path
[0822/153753.861:WARNING:quota_manager.cc(1833)] Create directory failed for path
[0822/153753.861:WARNING:quota_manager.cc(1833)] Create directory failed for path
[0822/153753.862:WARNING:quota_manager.cc(1833)] Create directory failed for path
[0822/153753.862:WARNING:quota_manager.cc(1833)] Create directory failed for path
[0822/153753.863:WARNING:quota_manager.cc(1833)] Create directory failed for path
[0822/153753.863:WARNING:quota_manager.cc(1833)] Create directory failed for path
[0822/153753.863:WARNING:quota_manager.cc(1833)] Create directory failed for path
[0822/153753.864:WARNING:quota_manager.cc(1833)] Create directory failed for path
[0822/153753.864:WARNING:quota_manager.cc(1833)] Create directory failed for path
[0822/153753.864:WARNING:quota_manager.cc(1833)] Create directory failed for path
[0822/153753.865:WARNING:quota_manager.cc(1833)] Create directory failed for path
[0822/153753.865:WARNING:quota_manager.cc(1833)] Create directory failed for path
[0822/153753.865:WARNING:quota_manager.cc(1833)] Create directory failed for path
[0822/153753.866:WARNING:quota_manager.cc(1833)] Create directory failed for path
[0822/153753.866:WARNING:quota_manager.cc(1833)] Create directory failed for path
[0822/153753.866:WARNING:quota_manager.cc(1833)] Create directory failed for path
[0822/153753.867:WARNING:quota_manager.cc(1833)] Create directory failed for path
[0822/153753.867:WARNING:quota_manager.cc(1833)] Create directory failed for path
[0822/153753.867:WARNING:quota_manager.cc(1833)] Create directory failed for path
[0822/153753.868:WARNING:quota_manager.cc(1833)] Create directory failed for path
[0822/153753.868:WARNING:quota_manager.cc(1833)] Create directory failed for path
[0822/153753.869:WARNING:quota_manager.cc(1833)] Create directory failed for path
[0822/153753.870:WARNING:quota_manager.cc(1833)] Create directory failed for path
[0822/153753.870:WARNING:quota_manager.cc(1833)] Create directory failed for path
[0822/153753.874:WARNING:quota_manager.cc(1833)] Create directory failed for path
[0822/153753.874:WARNING:quota_manager.cc(1833)] Create directory failed for path
[0822/153753.875:WARNING:quota_manager.cc(1833)] Create directory failed for path
[0822/153753.875:WARNING:quota_manager.cc(1833)] Create directory failed for path
[0822/153753.875:WARNING:quota_manager.cc(1833)] Create directory failed for path
[0822/153753.876:WARNING:quota_manager.cc(1833)] Create directory failed for path
[0822/153753.876:WARNING:quota_manager.cc(1833)] Create directory failed for path
[0822/153753.876:WARNING:quota_manager.cc(1833)] Create directory failed for path
[0822/153753.876:WARNING:quota_manager.cc(1833)] Create directory failed for path
[0822/153753.877:WARNING:quota_manager.cc(1833)] Create directory failed for path
[0822/153753.877:WARNING:quota_manager.cc(1833)] Create directory failed for path
[0822/153753.877:WARNING:quota_manager.cc(1833)] Create directory failed for path
[0822/153753.878:WARNING:quota_manager.cc(1833)] Create directory failed for path
[0822/153753.878:WARNING:quota_manager.cc(1833)] Create directory failed for path
[0822/153753.878:WARNING:quota_manager.cc(1833)] Create directory failed for path
[0822/153753.878:WARNING:quota_manager.cc(1833)] Create directory failed for path
[0822/153753.878:WARNING:quota_manager.cc(1833)] Create directory failed for path
[0822/153753.879:WARNING:quota_manager.cc(1833)] Create directory failed for path
[0822/153753.879:WARNING:quota_manager.cc(1833)] Create directory failed for path
[0822/153753.879:WARNING:quota_manager.cc(1833)] Create directory failed for path
[0822/153753.879:WARNING:quota_manager.cc(1833)] Create directory failed for path
[0822/153753.879:WARNING:quota_manager.cc(1833)] Create directory failed for path
[0822/153753.880:WARNING:quota_manager.cc(1833)] Create directory failed for path
[0822/153753.880:WARNING:quota_manager.cc(1833)] Create directory failed for path
[0822/153753.880:WARNING:quota_manager.cc(1833)] Create directory failed for path
[0822/153753.880:WARNING:quota_manager.cc(1833)] Create directory failed for path
[0822/153753.880:WARNING:quota_manager.cc(1833)] Create directory failed for path
[0822/153753.881:WARNING:quota_manager.cc(1833)] Create directory failed for path
[0822/153753.881:WARNING:quota_manager.cc(1833)] Create directory failed for path
[0822/153753.881:WARNING:quota_manager.cc(1833)] Create directory failed for path
[0822/153753.881:WARNING:quota_manager.cc(1833)] Create directory failed for path
[0822/153753.881:WARNING:quota_manager.cc(1833)] Create directory failed for path
[0822/153753.882:WARNING:quota_manager.cc(1833)] Create directory failed for path
[0822/153753.882:WARNING:quota_manager.cc(1833)] Create directory failed for path
[0822/153753.882:WARNING:quota_manager.cc(1833)] Create directory failed for path
[0822/153753.882:WARNING:quota_manager.cc(1833)] Create directory failed for path
[0822/153753.882:WARNING:quota_manager.cc(1833)] Create directory failed for path
[0822/153753.882:WARNING:quota_manager.cc(1833)] Create directory failed for path
[0822/153753.883:WARNING:quota_manager.cc(1833)] Create directory failed for path
[0822/153753.883:WARNING:quota_manager.cc(1833)] Create directory failed for path
[0822/153753.883:WARNING:quota_manager.cc(1833)] Create directory failed for path
[0822/153753.883:WARNING:quota_manager.cc(1833)] Create directory failed for path
[0822/153753.883:WARNING:quota_manager.cc(1833)] Create directory failed for path
[0822/153753.884:WARNING:quota_manager.cc(1833)] Create directory failed for path
[0822/153753.884:WARNING:quota_manager.cc(1833)] Create directory failed for path
[0822/153753.884:WARNING:quota_manager.cc(1833)] Create directory failed for path
[0822/153753.884:WARNING:quota_manager.cc(1833)] Create directory failed for path
[0822/153753.884:WARNING:quota_manager.cc(1833)] Create directory failed for path
[0822/153753.885:WARNING:quota_manager.cc(1833)] Create directory failed for path
[0822/153753.885:WARNING:quota_manager.cc(1833)] Create directory failed for path
[0822/153753.885:WARNING:quota_manager.cc(1833)] Create directory failed for path
[0822/153753.886:WARNING:quota_manager.cc(1833)] Create directory failed for path
[0822/153753.887:WARNING:quota_manager.cc(1833)] Create directory failed for path
[0822/153753.889:WARNING:quota_manager.cc(1833)] Create directory failed for path
[0822/153753.889:WARNING:quota_manager.cc(1833)] Create directory failed for path
[0822/153753.889:WARNING:quota_manager.cc(1833)] Create directory failed for path
[0822/153753.889:WARNING:quota_manager.cc(1833)] Create directory failed for path
[0822/153753.890:WARNING:quota_manager.cc(1833)] Create directory failed for path
[0822/153753.890:WARNING:quota_manager.cc(1833)] Create directory failed for path
[0822/153753.890:WARNING:quota_manager.cc(1833)] Create directory failed for path
[0822/153753.890:WARNING:quota_manager.cc(1833)] Create directory failed for path
[0822/153753.891:WARNING:quota_manager.cc(1833)] Create directory failed for path
[0822/153753.891:WARNING:quota_manager.cc(1833)] Create directory failed for path
[0822/153753.891:WARNING:quota_manager.cc(1833)] Create directory failed for path
[0822/153753.891:WARNING:quota_manager.cc(1833)] Create directory failed for path
[0822/153753.891:WARNING:quota_manager.cc(1833)] Create directory failed for path
[0822/153753.891:WARNING:quota_manager.cc(1833)] Create directory failed for path
[0822/153753.892:WARNING:quota_manager.cc(1833)] Create directory failed for path
[0822/153753.892:WARNING:quota_manager.cc(1833)] Create directory failed for path
[0822/153753.892:WARNING:quota_manager.cc(1833)] Create directory failed for path
[0822/153753.892:WARNING:quota_manager.cc(1833)] Create directory failed for path
[0822/153753.892:WARNING:quota_manager.cc(1833)] Create directory failed for path
[0822/153753.893:WARNING:quota_manager.cc(1833)] Create directory failed for path
[0822/153753.893:WARNING:quota_manager.cc(1833)] Create directory failed for path
[0822/153753.893:WARNING:quota_manager.cc(1833)] Create directory failed for path
[0822/153753.894:WARNING:quota_manager.cc(1833)] Create directory failed for path
[0822/153753.894:WARNING:quota_manager.cc(1833)] Create directory failed for path
[0822/153753.894:WARNING:quota_manager.cc(1833)] Create directory failed for path
[0822/153753.895:WARNING:quota_manager.cc(1833)] Create directory failed for path
[0822/153753.895:WARNING:quota_manager.cc(1833)] Create directory failed for path
[0822/153753.895:WARNING:quota_manager.cc(1833)] Create directory failed for path
[0822/153753.895:WARNING:quota_manager.cc(1833)] Create directory failed for path
[0822/153753.896:WARNING:quota_manager.cc(1833)] Create directory failed for path
[0822/153753.896:WARNING:quota_manager.cc(1833)] Create directory failed for path
[0822/153753.896:WARNING:quota_manager.cc(1833)] Create directory failed for path
[0822/153753.896:WARNING:quota_manager.cc(1833)] Create directory failed for path
[0822/153753.896:WARNING:quota_manager.cc(1833)] Create directory failed for path
[0822/153753.898:WARNING:quota_manager.cc(1833)] Create directory failed for path
[0822/153753.898:WARNING:quota_manager.cc(1833)] Create directory failed for path
[0822/153753.898:WARNING:quota_manager.cc(1833)] Create directory failed for path
[0822/153753.898:WARNING:quota_manager.cc(1833)] Create directory failed for path
[0822/153753.899:WARNING:quota_manager.cc(1833)] Create directory failed for path
[0822/153753.899:WARNING:quota_manager.cc(1833)] Create directory failed for path
[0822/153753.899:WARNING:quota_manager.cc(1833)] Create directory failed for path
[0822/153753.900:WARNING:quota_manager.cc(1833)] Create directory failed for path
[0822/153753.900:WARNING:quota_manager.cc(1833)] Create directory failed for path
[0822/153753.901:WARNING:quota_manager.cc(1833)] Create directory failed for path
[0822/153753.901:WARNING:quota_manager.cc(1833)] Create directory failed for path
[0822/153753.902:WARNING:quota_manager.cc(1833)] Create directory failed for path
[0822/153753.902:WARNING:quota_manager.cc(1833)] Create directory failed for path
[0822/153753.902:WARNING:quota_manager.cc(1833)] Create directory failed for path
[0822/153753.903:WARNING:quota_manager.cc(1833)] Create directory failed for path
[0822/153753.903:WARNING:quota_manager.cc(1833)] Create directory failed for path
[0822/153753.903:WARNING:quota_manager.cc(1833)] Create directory failed for path
[0822/153753.903:WARNING:quota_manager.cc(1833)] Create directory failed for path
[0822/153753.903:WARNING:quota_manager.cc(1833)] Create directory failed for path
[0822/153753.904:WARNING:quota_manager.cc(1833)] Create directory failed for path
[0822/153753.904:WARNING:quota_manager.cc(1833)] Create directory failed for path
[0822/153753.904:WARNING:quota_manager.cc(1833)] Create directory failed for path
[0822/153753.904:WARNING:quota_manager.cc(1833)] Create directory failed for path
[0822/153753.904:WARNING:quota_manager.cc(1833)] Create directory failed for path
[0822/153753.905:WARNING:quota_manager.cc(1833)] Create directory failed for path
[0822/153753.905:WARNING:quota_manager.cc(1833)] Create directory failed for path
[0822/153753.906:WARNING:quota_manager.cc(1833)] Create directory failed for path
[0822/153753.906:WARNING:quota_manager.cc(1833)] Create directory failed for path
[0822/153753.906:WARNING:quota_manager.cc(1833)] Create directory failed for path
[0822/153753.906:WARNING:quota_manager.cc(1833)] Create directory failed for path
[0822/153753.906:WARNING:quota_manager.cc(1833)] Create directory failed for path
[0822/153753.906:WARNING:quota_manager.cc(1833)] Create directory failed for path
[0822/153753.907:WARNING:quota_manager.cc(1833)] Create directory failed for path
[0822/153753.907:WARNING:quota_manager.cc(1833)] Create directory failed for path
[0822/153753.907:WARNING:quota_manager.cc(1833)] Create directory failed for path
[0822/153753.908:WARNING:quota_manager.cc(1833)] Create directory failed for path
[0822/153753.908:WARNING:quota_manager.cc(1833)] Create directory failed for path
[0822/153753.908:WARNING:quota_manager.cc(1833)] Create directory failed for path
[0822/153753.908:WARNING:quota_manager.cc(1833)] Create directory failed for path
[0822/153753.908:WARNING:quota_manager.cc(1833)] Create directory failed for path
[0822/153753.908:WARNING:quota_manager.cc(1833)] Create directory failed for path
[0822/153753.909:WARNING:quota_manager.cc(1833)] Create directory failed for path
[0822/153753.909:WARNING:quota_manager.cc(1833)] Create directory failed for path
[0822/153753.910:WARNING:quota_manager.cc(1833)] Create directory failed for path
[0822/153753.910:WARNING:quota_manager.cc(1833)] Create directory failed for path
[0822/153753.910:WARNING:quota_manager.cc(1833)] Create directory failed for path
[0822/153753.910:WARNING:quota_manager.cc(1833)] Create directory failed for path
[0822/153753.910:WARNING:quota_manager.cc(1833)] Create directory failed for path
[0822/153753.911:WARNING:quota_manager.cc(1833)] Create directory failed for path
[0822/153753.911:WARNING:quota_manager.cc(1833)] Create directory failed for path
[0822/153753.911:WARNING:quota_manager.cc(1833)] Create directory failed for path
[0822/153753.912:WARNING:quota_manager.cc(1833)] Create directory failed for path
[0822/153753.912:WARNING:quota_manager.cc(1833)] Create directory failed for path
[0822/153753.914:WARNING:quota_manager.cc(1833)] Create directory failed for path
[0822/153753.914:WARNING:quota_manager.cc(1833)] Create directory failed for path
[0822/153753.914:WARNING:quota_manager.cc(1833)] Create directory failed for path
[0822/153753.915:WARNING:quota_manager.cc(1833)] Create directory failed for path
[0822/153753.915:WARNING:quota_manager.cc(1833)] Create directory failed for path
[0822/153753.916:WARNING:quota_manager.cc(1833)] Create directory failed for path
[0822/153753.916:WARNING:quota_manager.cc(1833)] Create directory failed for path
[0822/153753.917:WARNING:quota_manager.cc(1833)] Create directory failed for path
[0822/153753.918:WARNING:quota_manager.cc(1833)] Create directory failed for path
[0822/153753.918:WARNING:quota_manager.cc(1833)] Create directory failed for path
[0822/153753.919:WARNING:quota_manager.cc(1833)] Create directory failed for path
[0822/153753.919:WARNING:quota_manager.cc(1833)] Create directory failed for path
[0822/153753.920:WARNING:quota_manager.cc(1833)] Create directory failed for path
[0822/153753.920:WARNING:quota_manager.cc(1833)] Create directory failed for path
[0822/153753.921:WARNING:quota_manager.cc(1833)] Create directory failed for path
[0822/153753.921:WARNING:quota_manager.cc(1833)] Create directory failed for path
[0822/153753.921:WARNING:quota_manager.cc(1833)] Create directory failed for path
[0822/153753.922:WARNING:quota_manager.cc(1833)] Create directory failed for path
[0822/153753.922:WARNING:quota_manager.cc(1833)] Create directory failed for path
[0822/153753.923:WARNING:quota_manager.cc(1833)] Create directory failed for path
[0822/153753.923:WARNING:quota_manager.cc(1833)] Create directory failed for path
[0822/153753.923:WARNING:quota_manager.cc(1833)] Create directory failed for path
[0822/153753.924:WARNING:quota_manager.cc(1833)] Create directory failed for path
[0822/153753.924:WARNING:quota_manager.cc(1833)] Create directory failed for path
[0822/153753.925:WARNING:quota_manager.cc(1833)] Create directory failed for path
[0822/153753.925:WARNING:quota_manager.cc(1833)] Create directory failed for path
[0822/153753.925:WARNING:quota_manager.cc(1833)] Create directory failed for path
[0822/153753.926:WARNING:quota_manager.cc(1833)] Create directory failed for path
[0822/153753.926:WARNING:quota_manager.cc(1833)] Create directory failed for path
[0822/153753.926:WARNING:quota_manager.cc(1833)] Create directory failed for path
[0822/153753.926:WARNING:quota_manager.cc(1833)] Create directory failed for path
[0822/153753.926:WARNING:quota_manager.cc(1833)] Create directory failed for path
[0822/153753.927:WARNING:quota_manager.cc(1833)] Create directory failed for path
[0822/153753.927:WARNING:quota_manager.cc(1833)] Create directory failed for path
[0822/153753.927:WARNING:quota_manager.cc(1833)] Create directory failed for path
[0822/153753.928:WARNING:quota_manager.cc(1833)] Create directory failed for path
[0822/153753.928:WARNING:quota_manager.cc(1833)] Create directory failed for path
[0822/153753.929:WARNING:quota_manager.cc(1833)] Create directory failed for path
[0822/153753.929:WARNING:quota_manager.cc(1833)] Create directory failed for path
[0822/153753.929:WARNING:quota_manager.cc(1833)] Create directory failed for path
[0822/153753.930:WARNING:quota_manager.cc(1833)] Create directory failed for path
[0822/153753.930:WARNING:quota_manager.cc(1833)] Create directory failed for path
[0822/153753.930:WARNING:quota_manager.cc(1833)] Create directory failed for path
[0822/153753.930:WARNING:quota_manager.cc(1833)] Create directory failed for path
[0822/153753.931:WARNING:quota_manager.cc(1833)] Create directory failed for path
[0822/153753.931:WARNING:quota_manager.cc(1833)] Create directory failed for path
[0822/153753.932:WARNING:quota_manager.cc(1833)] Create directory failed for path
[0822/153753.932:WARNING:quota_manager.cc(1833)] Create directory failed for path
[0822/153753.933:WARNING:quota_manager.cc(1833)] Create directory failed for path
[0822/153753.934:WARNING:quota_manager.cc(1833)] Create directory failed for path
[0822/153753.934:WARNING:quota_manager.cc(1833)] Create directory failed for path
[0822/153753.934:WARNING:quota_manager.cc(1833)] Create directory failed for path
[0822/153753.935:WARNING:quota_manager.cc(1833)] Create directory failed for path
[0822/153753.935:WARNING:quota_manager.cc(1833)] Create directory failed for path
[0822/153753.935:WARNING:quota_manager.cc(1833)] Create directory failed for path
[0822/153753.935:WARNING:quota_manager.cc(1833)] Create directory failed for path
[0822/153753.936:WARNING:quota_manager.cc(1833)] Create directory failed for path
[0822/153753.936:WARNING:quota_manager.cc(1833)] Create directory failed for path
[0822/153753.936:WARNING:quota_manager.cc(1833)] Create directory failed for path
[0822/153753.937:WARNING:quota_manager.cc(1833)] Create directory failed for path
[0822/153753.937:WARNING:quota_manager.cc(1833)] Create directory failed for path
[0822/153753.938:WARNING:quota_manager.cc(1833)] Create directory failed for path
[0822/153753.938:WARNING:quota_manager.cc(1833)] Create directory failed for path
[0822/153753.939:WARNING:quota_manager.cc(1833)] Create directory failed for path
[0822/153753.940:WARNING:quota_manager.cc(1833)] Create directory failed for path
[0822/153753.940:WARNING:quota_manager.cc(1833)] Create directory failed for path
[0822/153753.942:WARNING:quota_manager.cc(1833)] Create directory failed for path
[0822/153753.942:WARNING:quota_manager.cc(1833)] Create directory failed for path
[0822/153753.942:WARNING:quota_manager.cc(1833)] Create directory failed for path
[0822/153753.943:WARNING:quota_manager.cc(1833)] Create directory failed for path
[0822/153753.943:WARNING:quota_manager.cc(1833)] Create directory failed for path
[0822/153753.943:WARNING:quota_manager.cc(1833)] Create directory failed for path
[0822/153753.943:WARNING:quota_manager.cc(1833)] Create directory failed for path
[0822/153753.944:WARNING:quota_manager.cc(1833)] Create directory failed for path
[0822/153753.944:WARNING:quota_manager.cc(1833)] Create directory failed for path
[0822/153753.945:WARNING:quota_manager.cc(1833)] Create directory failed for path
[0822/153753.945:WARNING:quota_manager.cc(1833)] Create directory failed for path
[0822/153753.945:WARNING:quota_manager.cc(1833)] Create directory failed for path
[0822/153753.945:WARNING:quota_manager.cc(1833)] Create directory failed for path
[0822/153753.946:WARNING:quota_manager.cc(1833)] Create directory failed for path
[0822/153753.947:WARNING:quota_manager.cc(1833)] Create directory failed for path
[0822/153753.947:WARNING:quota_manager.cc(1833)] Create directory failed for path
[0822/153753.947:WARNING:quota_manager.cc(1833)] Create directory failed for path
[0822/153753.949:ERROR:waituntilobserver.cpp(147)] NOT IMPLEMENTED
[0822/155701.119:ERROR:child_thread_impl.cc(762)] Request for unknown Channel-associated interface: ui::mojom::GpuMain
[0822/155917.210:ERROR:child_thread_impl.cc(762)] Request for unknown Channel-associated interface: ui::mojom::GpuMain
[0823/004532.220:ERROR:child_thread_impl.cc(762)] Request for unknown Channel-associated interface: ui::mojom::GpuMain
[0823/004908.896:ERROR:child_thread_impl.cc(762)] Request for unknown Channel-associated interface: ui::mojom::GpuMain
[0823/005201.092:ERROR:child_thread_impl.cc(762)] Request for unknown Channel-associated interface: ui::mojom::GpuMain
[0823/010713.875:ERROR:child_thread_impl.cc(762)] Request for unknown Channel-associated interface: ui::mojom::GpuMain
[0823/011358.254:ERROR:child_thread_impl.cc(762)] Request for unknown Channel-associated interface: ui::mojom::GpuMain
[0823/011439.585:ERROR:child_thread_impl.cc(762)] Request for unknown Channel-associated interface: ui::mojom::GpuMain
[0823/011937.428:ERROR:child_thread_impl.cc(762)] Request for unknown Channel-associated interface: ui::mojom::GpuMain
[0823/013323.944:ERROR:child_thread_impl.cc(762)] Request for unknown Channel-associated interface: ui::mojom::GpuMain
[0823/013403.004:ERROR:child_thread_impl.cc(762)] Request for unknown Channel-associated interface: ui::mojom::GpuMain
[0823/013503.839:ERROR:child_thread_impl.cc(762)] Request for unknown Channel-associated interface: ui::mojom::GpuMain
[0823/013529.030:ERROR:child_thread_impl.cc(762)] Request for unknown Channel-associated interface: ui::mojom::GpuMain
[0823/013719.392:ERROR:child_thread_impl.cc(762)] Request for unknown Channel-associated interface: ui::mojom::GpuMain
[0823/014238.955:ERROR:child_thread_impl.cc(762)] Request for unknown Channel-associated interface: ui::mojom::GpuMain
[0823/015217.840:ERROR:child_thread_impl.cc(762)] Request for unknown Channel-associated interface: ui::mojom::GpuMain
[0823/015917.914:ERROR:child_thread_impl.cc(762)] Request for unknown Channel-associated interface: ui::mojom::GpuMain
[0823/015920.987:ERROR:child_thread_impl.cc(762)] Request for unknown Channel-associated interface: ui::mojom::GpuMain
[0823/015921.970:INFO:child_thread_impl.cc(851)] ChildThreadImpl::EnsureConnected()
[0823/015924.669:ERROR:child_thread_impl.cc(762)] Request for unknown Channel-associated interface: ui::mojom::GpuMain
[0823/143559.258:ERROR:child_thread_impl.cc(762)] Request for unknown Channel-associated interface: ui::mojom::GpuMain
[0823/143605.824:WARNING:quota_manager.cc(1833)] Create directory failed for path
[0823/143605.825:WARNING:quota_manager.cc(1833)] Create directory failed for path
[0823/143630.208:WARNING:htmlmediaelement.cpp(1949)] currentPlaybackPosition readyState = 4 but no webMeidaPlayer to provide currentPlaybackPosition
[0823/143702.277:ERROR:child_thread_impl.cc(762)] Request for unknown Channel-associated interface: ui::mojom::GpuMain
[0823/162701.804:ERROR:child_thread_impl.cc(762)] Request for unknown Channel-associated interface: ui::mojom::GpuMain
[0823/165142.043:ERROR:child_thread_impl.cc(762)] Request for unknown Channel-associated interface: ui::mojom::GpuMain
[0823/165149.301:WARNING:quota_manager.cc(1833)] Create directory failed for path
[0823/165149.304:WARNING:quota_manager.cc(1833)] Create directory failed for path
[0823/165210.742:WARNING:htmlmediaelement.cpp(1949)] currentPlaybackPosition readyState = 4 but no webMeidaPlayer to provide currentPlaybackPosition
[0823/165450.468:ERROR:child_thread_impl.cc(762)] Request for unknown Channel-associated interface: ui::mojom::GpuMain
[0823/165554.145:ERROR:child_thread_impl.cc(762)] Request for unknown Channel-associated interface: ui::mojom::GpuMain
[0823/165601.105:WARNING:quota_manager.cc(1833)] Create directory failed for path
[0823/165601.106:WARNING:quota_manager.cc(1833)] Create directory failed for path
[0823/165740.544:WARNING:htmlmediaelement.cpp(1949)] currentPlaybackPosition readyState = 4 but no webMeidaPlayer to provide currentPlaybackPosition
[0823/170405.475:ERROR:child_thread_impl.cc(762)] Request for unknown Channel-associated interface: ui::mojom::GpuMain
[0823/170413.652:WARNING:quota_manager.cc(1833)] Create directory failed for path
[0823/170413.652:WARNING:quota_manager.cc(1833)] Create directory failed for path
[0823/172626.033:ERROR:child_thread_impl.cc(762)] Request for unknown Channel-associated interface: ui::mojom::GpuMain
[0823/172641.933:ERROR:child_thread_impl.cc(762)] Request for unknown Channel-associated interface: ui::mojom::GpuMain
[0823/172706.549:ERROR:child_thread_impl.cc(762)] Request for unknown Channel-associated interface: ui::mojom::GpuMain
[0823/184050.269:ERROR:child_thread_impl.cc(762)] Request for unknown Channel-associated interface: ui::mojom::GpuMain
[0823/184054.419:ERROR:child_thread_impl.cc(762)] Request for unknown Channel-associated interface: ui::mojom::GpuMain
[0823/184055.183:INFO:child_thread_impl.cc(851)] ChildThreadImpl::EnsureConnected()
[0823/184056.291:ERROR:child_thread_impl.cc(762)] Request for unknown Channel-associated interface: ui::mojom::GpuMain
[0823/184059.941:ERROR:child_thread_impl.cc(762)] Request for unknown Channel-associated interface: ui::mojom::GpuMain
[0823/184239.031:ERROR:child_thread_impl.cc(762)] Request for unknown Channel-associated interface: ui::mojom::GpuMain
[0823/194820.306:ERROR:child_thread_impl.cc(762)] Request for unknown Channel-associated interface: ui::mojom::GpuMain
[0823/195042.612:ERROR:child_thread_impl.cc(762)] Request for unknown Channel-associated interface: ui::mojom::GpuMain
[0823/200100.650:ERROR:child_thread_impl.cc(762)] Request for unknown Channel-associated interface: ui::mojom::GpuMain
[0823/202144.914:ERROR:child_thread_impl.cc(762)] Request for unknown Channel-associated interface: ui::mojom::GpuMain
[0823/202316.971:ERROR:child_thread_impl.cc(762)] Request for unknown Channel-associated interface: ui::mojom::GpuMain
[0823/202856.693:ERROR:child_thread_impl.cc(762)] Request for unknown Channel-associated interface: ui::mojom::GpuMain
[0823/210611.110:ERROR:child_thread_impl.cc(762)] Request for unknown Channel-associated interface: ui::mojom::GpuMain
[0823/210618.448:WARNING:quota_manager.cc(1833)] Create directory failed for path
[0823/210618.448:WARNING:quota_manager.cc(1833)] Create directory failed for path
[0823/210620.927:WARNING:htmlmediaelement.cpp(1949)] currentPlaybackPosition readyState = 4 but no webMeidaPlayer to provide currentPlaybackPosition
[0823/213539.263:ERROR:child_thread_impl.cc(762)] Request for unknown Channel-associated interface: ui::mojom::GpuMain
[0823/213545.892:WARNING:quota_manager.cc(1833)] Create directory failed for path
[0823/213545.892:WARNING:quota_manager.cc(1833)] Create directory failed for path
[0823/213550.171:WARNING:htmlmediaelement.cpp(1949)] currentPlaybackPosition readyState = 4 but no webMeidaPlayer to provide currentPlaybackPosition
